{"/home/devops/Bureau/Projet/perso/MSPR/PTK_client_api/src/controllers/clients.controller.ts": {"path":"/home/devops/Bureau/Projet/perso/MSPR/PTK_client_api/src/controllers/clients.controller.ts","statementMap":{"0":{"start":{"line":10,"column":0},"end":{"line":10,"column":7}},"1":{"start":{"line":19,"column":0},"end":{"line":19,"column":7}},"2":{"start":{"line":32,"column":0},"end":{"line":32,"column":7}},"3":{"start":{"line":41,"column":0},"end":{"line":41,"column":7}},"4":{"start":{"line":54,"column":0},"end":{"line":54,"column":7}},"5":{"start":{"line":2,"column":0},"end":{"line":2,"column":null}},"6":{"start":{"line":11,"column":2},"end":{"line":16,"column":3}},"7":{"start":{"line":12,"column":20},"end":{"line":12,"column":42}},"8":{"start":{"line":13,"column":4},"end":{"line":13,"column":29}},"9":{"start":{"line":15,"column":4},"end":{"line":15,"column":58}},"10":{"start":{"line":20,"column":2},"end":{"line":29,"column":3}},"11":{"start":{"line":21,"column":19},"end":{"line":21,"column":29}},"12":{"start":{"line":22,"column":19},"end":{"line":22,"column":43}},"13":{"start":{"line":23,"column":4},"end":{"line":25,"column":5}},"14":{"start":{"line":24,"column":6},"end":{"line":24,"column":69}},"15":{"start":{"line":26,"column":4},"end":{"line":26,"column":28}},"16":{"start":{"line":28,"column":4},"end":{"line":28,"column":58}},"17":{"start":{"line":33,"column":2},"end":{"line":38,"column":3}},"18":{"start":{"line":34,"column":22},"end":{"line":34,"column":53}},"19":{"start":{"line":35,"column":4},"end":{"line":35,"column":43}},"20":{"start":{"line":37,"column":4},"end":{"line":37,"column":58}},"21":{"start":{"line":42,"column":2},"end":{"line":51,"column":3}},"22":{"start":{"line":43,"column":19},"end":{"line":43,"column":29}},"23":{"start":{"line":44,"column":20},"end":{"line":44,"column":60}},"24":{"start":{"line":45,"column":4},"end":{"line":47,"column":5}},"25":{"start":{"line":46,"column":6},"end":{"line":46,"column":69}},"26":{"start":{"line":48,"column":4},"end":{"line":48,"column":29}},"27":{"start":{"line":50,"column":4},"end":{"line":50,"column":58}},"28":{"start":{"line":55,"column":2},"end":{"line":64,"column":3}},"29":{"start":{"line":56,"column":19},"end":{"line":56,"column":29}},"30":{"start":{"line":57,"column":20},"end":{"line":57,"column":42}},"31":{"start":{"line":58,"column":4},"end":{"line":60,"column":5}},"32":{"start":{"line":59,"column":6},"end":{"line":59,"column":69}},"33":{"start":{"line":61,"column":4},"end":{"line":61,"column":64}},"34":{"start":{"line":63,"column":4},"end":{"line":63,"column":58}}},"fnMap":{"0":{"name":"getAllClients","decl":{"start":{"line":10,"column":22},"end":{"line":10,"column":35}},"loc":{"start":{"line":10,"column":63},"end":{"line":17,"column":1}}},"1":{"name":"getClientById","decl":{"start":{"line":19,"column":22},"end":{"line":19,"column":35}},"loc":{"start":{"line":19,"column":63},"end":{"line":30,"column":1}}},"2":{"name":"createClient","decl":{"start":{"line":32,"column":22},"end":{"line":32,"column":34}},"loc":{"start":{"line":32,"column":62},"end":{"line":39,"column":1}}},"3":{"name":"updateClient","decl":{"start":{"line":41,"column":22},"end":{"line":41,"column":34}},"loc":{"start":{"line":41,"column":62},"end":{"line":52,"column":1}}},"4":{"name":"deleteClient","decl":{"start":{"line":54,"column":22},"end":{"line":54,"column":34}},"loc":{"start":{"line":54,"column":62},"end":{"line":65,"column":1}}}},"branchMap":{"0":{"loc":{"start":{"line":23,"column":4},"end":{"line":25,"column":5}},"type":"if","locations":[{"start":{"line":23,"column":4},"end":{"line":25,"column":5}}]},"1":{"loc":{"start":{"line":45,"column":4},"end":{"line":47,"column":5}},"type":"if","locations":[{"start":{"line":45,"column":4},"end":{"line":47,"column":5}}]},"2":{"loc":{"start":{"line":58,"column":4},"end":{"line":60,"column":5}},"type":"if","locations":[{"start":{"line":58,"column":4},"end":{"line":60,"column":5}}]}},"s":{"0":1,"1":1,"2":1,"3":1,"4":1,"5":1,"6":2,"7":2,"8":1,"9":1,"10":3,"11":3,"12":3,"13":2,"14":1,"15":1,"16":1,"17":2,"18":2,"19":1,"20":1,"21":3,"22":3,"23":3,"24":2,"25":1,"26":1,"27":1,"28":3,"29":3,"30":3,"31":2,"32":1,"33":1,"34":1},"f":{"0":2,"1":3,"2":2,"3":3,"4":3},"b":{"0":[1],"1":[1],"2":[1]}}
,"/home/devops/Bureau/Projet/perso/MSPR/PTK_client_api/src/models/Client.ts": {"path":"/home/devops/Bureau/Projet/perso/MSPR/PTK_client_api/src/models/Client.ts","statementMap":{"0":{"start":{"line":1,"column":0},"end":{"line":1,"column":41}},"1":{"start":{"line":3,"column":21},"end":{"line":18,"column":null}},"2":{"start":{"line":21,"column":13},"end":{"line":21,"column":52}}},"fnMap":{},"branchMap":{},"s":{"0":2,"1":2,"2":2},"f":{},"b":{}}
,"/home/devops/Bureau/Projet/perso/MSPR/PTK_client_api/src/services/clients.service.ts": {"path":"/home/devops/Bureau/Projet/perso/MSPR/PTK_client_api/src/services/clients.service.ts","statementMap":{"0":{"start":{"line":3,"column":0},"end":{"line":3,"column":7}},"1":{"start":{"line":7,"column":0},"end":{"line":7,"column":7}},"2":{"start":{"line":11,"column":0},"end":{"line":11,"column":7}},"3":{"start":{"line":15,"column":0},"end":{"line":15,"column":7}},"4":{"start":{"line":19,"column":0},"end":{"line":19,"column":7}},"5":{"start":{"line":1,"column":0},"end":{"line":1,"column":45}},"6":{"start":{"line":4,"column":2},"end":{"line":4,"column":23}},"7":{"start":{"line":8,"column":2},"end":{"line":8,"column":29}},"8":{"start":{"line":12,"column":2},"end":{"line":12,"column":29}},"9":{"start":{"line":16,"column":2},"end":{"line":16,"column":80}},"10":{"start":{"line":20,"column":2},"end":{"line":20,"column":38}}},"fnMap":{"0":{"name":"findAllClients","decl":{"start":{"line":3,"column":22},"end":{"line":3,"column":36}},"loc":{"start":{"line":3,"column":36},"end":{"line":5,"column":1}}},"1":{"name":"findClientById","decl":{"start":{"line":7,"column":22},"end":{"line":7,"column":36}},"loc":{"start":{"line":7,"column":47},"end":{"line":9,"column":1}}},"2":{"name":"createNewClient","decl":{"start":{"line":11,"column":22},"end":{"line":11,"column":37}},"loc":{"start":{"line":11,"column":47},"end":{"line":13,"column":1}}},"3":{"name":"updateExistingClient","decl":{"start":{"line":15,"column":22},"end":{"line":15,"column":42}},"loc":{"start":{"line":15,"column":64},"end":{"line":17,"column":1}}},"4":{"name":"removeClient","decl":{"start":{"line":19,"column":22},"end":{"line":19,"column":34}},"loc":{"start":{"line":19,"column":45},"end":{"line":21,"column":1}}}},"branchMap":{},"s":{"0":2,"1":2,"2":2,"3":2,"4":2,"5":2,"6":1,"7":1,"8":1,"9":1,"10":1},"f":{"0":1,"1":1,"2":1,"3":1,"4":1},"b":{}}
}
