TN:
SF:src/controllers/clients.controller.ts
FN:10,getAllClients
FN:19,getClientById
FN:32,createClient
FN:41,updateClient
FN:54,deleteClient
FNF:5
FNH:5
FNDA:2,getAllClients
FNDA:3,getClientById
FNDA:2,createClient
FNDA:3,updateClient
FNDA:3,deleteClient
DA:2,1
DA:10,1
DA:11,2
DA:12,2
DA:13,1
DA:15,1
DA:19,1
DA:20,3
DA:21,3
DA:22,3
DA:23,2
DA:24,1
DA:26,1
DA:28,1
DA:32,1
DA:33,2
DA:34,2
DA:35,1
DA:37,1
DA:41,1
DA:42,3
DA:43,3
DA:44,3
DA:45,2
DA:46,1
DA:48,1
DA:50,1
DA:54,1
DA:55,3
DA:56,3
DA:57,3
DA:58,2
DA:59,1
DA:61,1
DA:63,1
LF:35
LH:35
BRDA:23,0,0,1
BRDA:45,1,0,1
BRDA:58,2,0,1
BRF:3
BRH:3
end_of_record
TN:
SF:src/models/Client.ts
FNF:0
FNH:0
DA:1,2
DA:3,2
DA:21,2
LF:3
LH:3
BRF:0
BRH:0
end_of_record
TN:
SF:src/services/clients.service.ts
FN:3,findAllClients
FN:7,findClientById
FN:11,createNewClient
FN:15,updateExistingClient
FN:19,removeClient
FNF:5
FNH:5
FNDA:1,findAllClients
FNDA:1,findClientById
FNDA:1,createNewClient
FNDA:1,updateExistingClient
FNDA:1,removeClient
DA:1,2
DA:3,2
DA:4,1
DA:7,2
DA:8,1
DA:11,2
DA:12,1
DA:15,2
DA:16,1
DA:19,2
DA:20,1
LF:11
LH:11
BRF:0
BRH:0
end_of_record
